Determining if the pthread_create exist failed with the following output:
Change Dir: /home/hanwenkai/桌面/pcl_source/normal_estimation_using_integral_images/build/CMakeFiles/CMakeTmp

Run Build Command:"/usr/bin/make" "cmTC_562a0/fast"
/usr/bin/make -f CMakeFiles/cmTC_562a0.dir/build.make CMakeFiles/cmTC_562a0.dir/build
make[1]: Entering directory '/home/hanwenkai/桌面/pcl_source/normal_estimation_using_integral_images/build/CMakeFiles/CMakeTmp'
Building C object CMakeFiles/cmTC_562a0.dir/CheckSymbolExists.c.o
/usr/bin/cc     -o CMakeFiles/cmTC_562a0.dir/CheckSymbolExists.c.o   -c /home/hanwenkai/桌面/pcl_source/normal_estimation_using_integral_images/build/CMakeFiles/CMakeTmp/CheckSymbolExists.c
Linking C executable cmTC_562a0
/usr/bin/cmake -E cmake_link_script CMakeFiles/cmTC_562a0.dir/link.txt --verbose=1
/usr/bin/cc       CMakeFiles/cmTC_562a0.dir/CheckSymbolExists.c.o  -o cmTC_562a0 -rdynamic 
CMakeFiles/cmTC_562a0.dir/CheckSymbolExists.c.o：在函数‘main’中：
CheckSymbolExists.c:(.text+0x16)：对‘pthread_create’未定义的引用
collect2: error: ld returned 1 exit status
CMakeFiles/cmTC_562a0.dir/build.make:97: recipe for target 'cmTC_562a0' failed
make[1]: *** [cmTC_562a0] Error 1
make[1]: Leaving directory '/home/hanwenkai/桌面/pcl_source/normal_estimation_using_integral_images/build/CMakeFiles/CMakeTmp'
Makefile:126: recipe for target 'cmTC_562a0/fast' failed
make: *** [cmTC_562a0/fast] Error 2

File /home/hanwenkai/桌面/pcl_source/normal_estimation_using_integral_images/build/CMakeFiles/CMakeTmp/CheckSymbolExists.c:
/* */
#include <pthread.h>

int main(int argc, char** argv)
{
  (void)argv;
#ifndef pthread_create
  return ((int*)(&pthread_create))[argc];
#else
  (void)argc;
  return 0;
#endif
}

Determining if the function pthread_create exists in the pthreads failed with the following output:
Change Dir: /home/hanwenkai/桌面/pcl_source/normal_estimation_using_integral_images/build/CMakeFiles/CMakeTmp

Run Build Command:"/usr/bin/make" "cmTC_6f400/fast"
/usr/bin/make -f CMakeFiles/cmTC_6f400.dir/build.make CMakeFiles/cmTC_6f400.dir/build
make[1]: Entering directory '/home/hanwenkai/桌面/pcl_source/normal_estimation_using_integral_images/build/CMakeFiles/CMakeTmp'
Building C object CMakeFiles/cmTC_6f400.dir/CheckFunctionExists.c.o
/usr/bin/cc    -DCHECK_FUNCTION_EXISTS=pthread_create   -o CMakeFiles/cmTC_6f400.dir/CheckFunctionExists.c.o   -c /usr/share/cmake-3.5/Modules/CheckFunctionExists.c
Linking C executable cmTC_6f400
/usr/bin/cmake -E cmake_link_script CMakeFiles/cmTC_6f400.dir/link.txt --verbose=1
/usr/bin/cc   -DCHECK_FUNCTION_EXISTS=pthread_create    CMakeFiles/cmTC_6f400.dir/CheckFunctionExists.c.o  -o cmTC_6f400 -rdynamic -lpthreads 
/usr/bin/ld: 找不到 -lpthreads
collect2: error: ld returned 1 exit status
CMakeFiles/cmTC_6f400.dir/build.make:97: recipe for target 'cmTC_6f400' failed
make[1]: *** [cmTC_6f400] Error 1
make[1]: Leaving directory '/home/hanwenkai/桌面/pcl_source/normal_estimation_using_integral_images/build/CMakeFiles/CMakeTmp'
Makefile:126: recipe for target 'cmTC_6f400/fast' failed
make: *** [cmTC_6f400/fast] Error 2


