Determining if the pthread_create exist failed with the following output:
Change Dir: /home/hanwenkai/桌面/pcl_source/greedy_projection/build/CMakeFiles/CMakeTmp

Run Build Command:"/usr/bin/make" "cmTC_552aa/fast"
/usr/bin/make -f CMakeFiles/cmTC_552aa.dir/build.make CMakeFiles/cmTC_552aa.dir/build
make[1]: Entering directory '/home/hanwenkai/桌面/pcl_source/greedy_projection/build/CMakeFiles/CMakeTmp'
Building C object CMakeFiles/cmTC_552aa.dir/CheckSymbolExists.c.o
/usr/bin/cc     -o CMakeFiles/cmTC_552aa.dir/CheckSymbolExists.c.o   -c /home/hanwenkai/桌面/pcl_source/greedy_projection/build/CMakeFiles/CMakeTmp/CheckSymbolExists.c
Linking C executable cmTC_552aa
/usr/bin/cmake -E cmake_link_script CMakeFiles/cmTC_552aa.dir/link.txt --verbose=1
/usr/bin/cc       CMakeFiles/cmTC_552aa.dir/CheckSymbolExists.c.o  -o cmTC_552aa -rdynamic 
CMakeFiles/cmTC_552aa.dir/CheckSymbolExists.c.o：在函数‘main’中：
CheckSymbolExists.c:(.text+0x16)：对‘pthread_create’未定义的引用
collect2: error: ld returned 1 exit status
CMakeFiles/cmTC_552aa.dir/build.make:97: recipe for target 'cmTC_552aa' failed
make[1]: *** [cmTC_552aa] Error 1
make[1]: Leaving directory '/home/hanwenkai/桌面/pcl_source/greedy_projection/build/CMakeFiles/CMakeTmp'
Makefile:126: recipe for target 'cmTC_552aa/fast' failed
make: *** [cmTC_552aa/fast] Error 2

File /home/hanwenkai/桌面/pcl_source/greedy_projection/build/CMakeFiles/CMakeTmp/CheckSymbolExists.c:
/* */
#include <pthread.h>

int main(int argc, char** argv)
{
  (void)argv;
#ifndef pthread_create
  return ((int*)(&pthread_create))[argc];
#else
  (void)argc;
  return 0;
#endif
}

Determining if the function pthread_create exists in the pthreads failed with the following output:
Change Dir: /home/hanwenkai/桌面/pcl_source/greedy_projection/build/CMakeFiles/CMakeTmp

Run Build Command:"/usr/bin/make" "cmTC_51d7e/fast"
/usr/bin/make -f CMakeFiles/cmTC_51d7e.dir/build.make CMakeFiles/cmTC_51d7e.dir/build
make[1]: Entering directory '/home/hanwenkai/桌面/pcl_source/greedy_projection/build/CMakeFiles/CMakeTmp'
Building C object CMakeFiles/cmTC_51d7e.dir/CheckFunctionExists.c.o
/usr/bin/cc    -DCHECK_FUNCTION_EXISTS=pthread_create   -o CMakeFiles/cmTC_51d7e.dir/CheckFunctionExists.c.o   -c /usr/share/cmake-3.5/Modules/CheckFunctionExists.c
Linking C executable cmTC_51d7e
/usr/bin/cmake -E cmake_link_script CMakeFiles/cmTC_51d7e.dir/link.txt --verbose=1
/usr/bin/cc   -DCHECK_FUNCTION_EXISTS=pthread_create    CMakeFiles/cmTC_51d7e.dir/CheckFunctionExists.c.o  -o cmTC_51d7e -rdynamic -lpthreads 
/usr/bin/ld: 找不到 -lpthreads
collect2: error: ld returned 1 exit status
CMakeFiles/cmTC_51d7e.dir/build.make:97: recipe for target 'cmTC_51d7e' failed
make[1]: *** [cmTC_51d7e] Error 1
make[1]: Leaving directory '/home/hanwenkai/桌面/pcl_source/greedy_projection/build/CMakeFiles/CMakeTmp'
Makefile:126: recipe for target 'cmTC_51d7e/fast' failed
make: *** [cmTC_51d7e/fast] Error 2


