Determining if the pthread_create exist failed with the following output:
Change Dir: /home/hanwenkai/桌面/pcl_source/icp/build/CMakeFiles/CMakeTmp

Run Build Command:"/usr/bin/make" "cmTC_67270/fast"
/usr/bin/make -f CMakeFiles/cmTC_67270.dir/build.make CMakeFiles/cmTC_67270.dir/build
make[1]: Entering directory '/home/hanwenkai/桌面/pcl_source/icp/build/CMakeFiles/CMakeTmp'
Building C object CMakeFiles/cmTC_67270.dir/CheckSymbolExists.c.o
/usr/bin/cc     -o CMakeFiles/cmTC_67270.dir/CheckSymbolExists.c.o   -c /home/hanwenkai/桌面/pcl_source/icp/build/CMakeFiles/CMakeTmp/CheckSymbolExists.c
Linking C executable cmTC_67270
/usr/bin/cmake -E cmake_link_script CMakeFiles/cmTC_67270.dir/link.txt --verbose=1
/usr/bin/cc       CMakeFiles/cmTC_67270.dir/CheckSymbolExists.c.o  -o cmTC_67270 -rdynamic 
CMakeFiles/cmTC_67270.dir/CheckSymbolExists.c.o：在函数‘main’中：
CheckSymbolExists.c:(.text+0x16)：对‘pthread_create’未定义的引用
collect2: error: ld returned 1 exit status
CMakeFiles/cmTC_67270.dir/build.make:97: recipe for target 'cmTC_67270' failed
make[1]: *** [cmTC_67270] Error 1
make[1]: Leaving directory '/home/hanwenkai/桌面/pcl_source/icp/build/CMakeFiles/CMakeTmp'
Makefile:126: recipe for target 'cmTC_67270/fast' failed
make: *** [cmTC_67270/fast] Error 2

File /home/hanwenkai/桌面/pcl_source/icp/build/CMakeFiles/CMakeTmp/CheckSymbolExists.c:
/* */
#include <pthread.h>

int main(int argc, char** argv)
{
  (void)argv;
#ifndef pthread_create
  return ((int*)(&pthread_create))[argc];
#else
  (void)argc;
  return 0;
#endif
}

Determining if the function pthread_create exists in the pthreads failed with the following output:
Change Dir: /home/hanwenkai/桌面/pcl_source/icp/build/CMakeFiles/CMakeTmp

Run Build Command:"/usr/bin/make" "cmTC_a1b59/fast"
/usr/bin/make -f CMakeFiles/cmTC_a1b59.dir/build.make CMakeFiles/cmTC_a1b59.dir/build
make[1]: Entering directory '/home/hanwenkai/桌面/pcl_source/icp/build/CMakeFiles/CMakeTmp'
Building C object CMakeFiles/cmTC_a1b59.dir/CheckFunctionExists.c.o
/usr/bin/cc    -DCHECK_FUNCTION_EXISTS=pthread_create   -o CMakeFiles/cmTC_a1b59.dir/CheckFunctionExists.c.o   -c /usr/share/cmake-3.5/Modules/CheckFunctionExists.c
Linking C executable cmTC_a1b59
/usr/bin/cmake -E cmake_link_script CMakeFiles/cmTC_a1b59.dir/link.txt --verbose=1
/usr/bin/cc   -DCHECK_FUNCTION_EXISTS=pthread_create    CMakeFiles/cmTC_a1b59.dir/CheckFunctionExists.c.o  -o cmTC_a1b59 -rdynamic -lpthreads 
/usr/bin/ld: 找不到 -lpthreads
collect2: error: ld returned 1 exit status
CMakeFiles/cmTC_a1b59.dir/build.make:97: recipe for target 'cmTC_a1b59' failed
make[1]: *** [cmTC_a1b59] Error 1
make[1]: Leaving directory '/home/hanwenkai/桌面/pcl_source/icp/build/CMakeFiles/CMakeTmp'
Makefile:126: recipe for target 'cmTC_a1b59/fast' failed
make: *** [cmTC_a1b59/fast] Error 2


