Determining if the pthread_create exist failed with the following output:
Change Dir: /home/hanwenkai/桌面/pcl_source/project_inliers/build/CMakeFiles/CMakeTmp

Run Build Command:"/usr/bin/make" "cmTC_29936/fast"
/usr/bin/make -f CMakeFiles/cmTC_29936.dir/build.make CMakeFiles/cmTC_29936.dir/build
make[1]: Entering directory '/home/hanwenkai/桌面/pcl_source/project_inliers/build/CMakeFiles/CMakeTmp'
Building C object CMakeFiles/cmTC_29936.dir/CheckSymbolExists.c.o
/usr/bin/cc     -o CMakeFiles/cmTC_29936.dir/CheckSymbolExists.c.o   -c /home/hanwenkai/桌面/pcl_source/project_inliers/build/CMakeFiles/CMakeTmp/CheckSymbolExists.c
Linking C executable cmTC_29936
/usr/bin/cmake -E cmake_link_script CMakeFiles/cmTC_29936.dir/link.txt --verbose=1
/usr/bin/cc       CMakeFiles/cmTC_29936.dir/CheckSymbolExists.c.o  -o cmTC_29936 -rdynamic 
CMakeFiles/cmTC_29936.dir/CheckSymbolExists.c.o：在函数‘main’中：
CheckSymbolExists.c:(.text+0x16)：对‘pthread_create’未定义的引用
collect2: error: ld returned 1 exit status
CMakeFiles/cmTC_29936.dir/build.make:97: recipe for target 'cmTC_29936' failed
make[1]: *** [cmTC_29936] Error 1
make[1]: Leaving directory '/home/hanwenkai/桌面/pcl_source/project_inliers/build/CMakeFiles/CMakeTmp'
Makefile:126: recipe for target 'cmTC_29936/fast' failed
make: *** [cmTC_29936/fast] Error 2

File /home/hanwenkai/桌面/pcl_source/project_inliers/build/CMakeFiles/CMakeTmp/CheckSymbolExists.c:
/* */
#include <pthread.h>

int main(int argc, char** argv)
{
  (void)argv;
#ifndef pthread_create
  return ((int*)(&pthread_create))[argc];
#else
  (void)argc;
  return 0;
#endif
}

Determining if the function pthread_create exists in the pthreads failed with the following output:
Change Dir: /home/hanwenkai/桌面/pcl_source/project_inliers/build/CMakeFiles/CMakeTmp

Run Build Command:"/usr/bin/make" "cmTC_82e2b/fast"
/usr/bin/make -f CMakeFiles/cmTC_82e2b.dir/build.make CMakeFiles/cmTC_82e2b.dir/build
make[1]: Entering directory '/home/hanwenkai/桌面/pcl_source/project_inliers/build/CMakeFiles/CMakeTmp'
Building C object CMakeFiles/cmTC_82e2b.dir/CheckFunctionExists.c.o
/usr/bin/cc    -DCHECK_FUNCTION_EXISTS=pthread_create   -o CMakeFiles/cmTC_82e2b.dir/CheckFunctionExists.c.o   -c /usr/share/cmake-3.5/Modules/CheckFunctionExists.c
Linking C executable cmTC_82e2b
/usr/bin/cmake -E cmake_link_script CMakeFiles/cmTC_82e2b.dir/link.txt --verbose=1
/usr/bin/cc   -DCHECK_FUNCTION_EXISTS=pthread_create    CMakeFiles/cmTC_82e2b.dir/CheckFunctionExists.c.o  -o cmTC_82e2b -rdynamic -lpthreads 
/usr/bin/ld: 找不到 -lpthreads
collect2: error: ld returned 1 exit status
CMakeFiles/cmTC_82e2b.dir/build.make:97: recipe for target 'cmTC_82e2b' failed
make[1]: *** [cmTC_82e2b] Error 1
make[1]: Leaving directory '/home/hanwenkai/桌面/pcl_source/project_inliers/build/CMakeFiles/CMakeTmp'
Makefile:126: recipe for target 'cmTC_82e2b/fast' failed
make: *** [cmTC_82e2b/fast] Error 2


