Determining if the pthread_create exist failed with the following output:
Change Dir: /home/hanwenkai/桌面/pcl_source/pcl_visualizer_demo.cpp/build/CMakeFiles/CMakeTmp

Run Build Command:"/usr/bin/make" "cmTC_53d68/fast"
/usr/bin/make -f CMakeFiles/cmTC_53d68.dir/build.make CMakeFiles/cmTC_53d68.dir/build
make[1]: Entering directory '/home/hanwenkai/桌面/pcl_source/pcl_visualizer_demo.cpp/build/CMakeFiles/CMakeTmp'
Building C object CMakeFiles/cmTC_53d68.dir/CheckSymbolExists.c.o
/usr/bin/cc     -o CMakeFiles/cmTC_53d68.dir/CheckSymbolExists.c.o   -c /home/hanwenkai/桌面/pcl_source/pcl_visualizer_demo.cpp/build/CMakeFiles/CMakeTmp/CheckSymbolExists.c
Linking C executable cmTC_53d68
/usr/bin/cmake -E cmake_link_script CMakeFiles/cmTC_53d68.dir/link.txt --verbose=1
/usr/bin/cc       CMakeFiles/cmTC_53d68.dir/CheckSymbolExists.c.o  -o cmTC_53d68 -rdynamic 
CMakeFiles/cmTC_53d68.dir/CheckSymbolExists.c.o：在函数‘main’中：
CheckSymbolExists.c:(.text+0x16)：对‘pthread_create’未定义的引用
collect2: error: ld returned 1 exit status
CMakeFiles/cmTC_53d68.dir/build.make:97: recipe for target 'cmTC_53d68' failed
make[1]: *** [cmTC_53d68] Error 1
make[1]: Leaving directory '/home/hanwenkai/桌面/pcl_source/pcl_visualizer_demo.cpp/build/CMakeFiles/CMakeTmp'
Makefile:126: recipe for target 'cmTC_53d68/fast' failed
make: *** [cmTC_53d68/fast] Error 2

File /home/hanwenkai/桌面/pcl_source/pcl_visualizer_demo.cpp/build/CMakeFiles/CMakeTmp/CheckSymbolExists.c:
/* */
#include <pthread.h>

int main(int argc, char** argv)
{
  (void)argv;
#ifndef pthread_create
  return ((int*)(&pthread_create))[argc];
#else
  (void)argc;
  return 0;
#endif
}

Determining if the function pthread_create exists in the pthreads failed with the following output:
Change Dir: /home/hanwenkai/桌面/pcl_source/pcl_visualizer_demo.cpp/build/CMakeFiles/CMakeTmp

Run Build Command:"/usr/bin/make" "cmTC_1950d/fast"
/usr/bin/make -f CMakeFiles/cmTC_1950d.dir/build.make CMakeFiles/cmTC_1950d.dir/build
make[1]: Entering directory '/home/hanwenkai/桌面/pcl_source/pcl_visualizer_demo.cpp/build/CMakeFiles/CMakeTmp'
Building C object CMakeFiles/cmTC_1950d.dir/CheckFunctionExists.c.o
/usr/bin/cc    -DCHECK_FUNCTION_EXISTS=pthread_create   -o CMakeFiles/cmTC_1950d.dir/CheckFunctionExists.c.o   -c /usr/share/cmake-3.5/Modules/CheckFunctionExists.c
Linking C executable cmTC_1950d
/usr/bin/cmake -E cmake_link_script CMakeFiles/cmTC_1950d.dir/link.txt --verbose=1
/usr/bin/cc   -DCHECK_FUNCTION_EXISTS=pthread_create    CMakeFiles/cmTC_1950d.dir/CheckFunctionExists.c.o  -o cmTC_1950d -rdynamic -lpthreads 
/usr/bin/ld: 找不到 -lpthreads
collect2: error: ld returned 1 exit status
CMakeFiles/cmTC_1950d.dir/build.make:97: recipe for target 'cmTC_1950d' failed
make[1]: *** [cmTC_1950d] Error 1
make[1]: Leaving directory '/home/hanwenkai/桌面/pcl_source/pcl_visualizer_demo.cpp/build/CMakeFiles/CMakeTmp'
Makefile:126: recipe for target 'cmTC_1950d/fast' failed
make: *** [cmTC_1950d/fast] Error 2


