Determining if the pthread_create exist failed with the following output:
Change Dir: /home/hanwenkai/桌面/pcl_source/pfh/build/CMakeFiles/CMakeTmp

Run Build Command:"/usr/bin/make" "cmTC_e3e70/fast"
/usr/bin/make -f CMakeFiles/cmTC_e3e70.dir/build.make CMakeFiles/cmTC_e3e70.dir/build
make[1]: Entering directory '/home/hanwenkai/桌面/pcl_source/pfh/build/CMakeFiles/CMakeTmp'
Building C object CMakeFiles/cmTC_e3e70.dir/CheckSymbolExists.c.o
/usr/bin/cc     -o CMakeFiles/cmTC_e3e70.dir/CheckSymbolExists.c.o   -c /home/hanwenkai/桌面/pcl_source/pfh/build/CMakeFiles/CMakeTmp/CheckSymbolExists.c
Linking C executable cmTC_e3e70
/usr/bin/cmake -E cmake_link_script CMakeFiles/cmTC_e3e70.dir/link.txt --verbose=1
/usr/bin/cc       CMakeFiles/cmTC_e3e70.dir/CheckSymbolExists.c.o  -o cmTC_e3e70 -rdynamic 
CMakeFiles/cmTC_e3e70.dir/CheckSymbolExists.c.o：在函数‘main’中：
CheckSymbolExists.c:(.text+0x16)：对‘pthread_create’未定义的引用
collect2: error: ld returned 1 exit status
CMakeFiles/cmTC_e3e70.dir/build.make:97: recipe for target 'cmTC_e3e70' failed
make[1]: *** [cmTC_e3e70] Error 1
make[1]: Leaving directory '/home/hanwenkai/桌面/pcl_source/pfh/build/CMakeFiles/CMakeTmp'
Makefile:126: recipe for target 'cmTC_e3e70/fast' failed
make: *** [cmTC_e3e70/fast] Error 2

File /home/hanwenkai/桌面/pcl_source/pfh/build/CMakeFiles/CMakeTmp/CheckSymbolExists.c:
/* */
#include <pthread.h>

int main(int argc, char** argv)
{
  (void)argv;
#ifndef pthread_create
  return ((int*)(&pthread_create))[argc];
#else
  (void)argc;
  return 0;
#endif
}

Determining if the function pthread_create exists in the pthreads failed with the following output:
Change Dir: /home/hanwenkai/桌面/pcl_source/pfh/build/CMakeFiles/CMakeTmp

Run Build Command:"/usr/bin/make" "cmTC_95f6f/fast"
/usr/bin/make -f CMakeFiles/cmTC_95f6f.dir/build.make CMakeFiles/cmTC_95f6f.dir/build
make[1]: Entering directory '/home/hanwenkai/桌面/pcl_source/pfh/build/CMakeFiles/CMakeTmp'
Building C object CMakeFiles/cmTC_95f6f.dir/CheckFunctionExists.c.o
/usr/bin/cc    -DCHECK_FUNCTION_EXISTS=pthread_create   -o CMakeFiles/cmTC_95f6f.dir/CheckFunctionExists.c.o   -c /usr/share/cmake-3.5/Modules/CheckFunctionExists.c
Linking C executable cmTC_95f6f
/usr/bin/cmake -E cmake_link_script CMakeFiles/cmTC_95f6f.dir/link.txt --verbose=1
/usr/bin/cc   -DCHECK_FUNCTION_EXISTS=pthread_create    CMakeFiles/cmTC_95f6f.dir/CheckFunctionExists.c.o  -o cmTC_95f6f -rdynamic -lpthreads 
/usr/bin/ld: 找不到 -lpthreads
collect2: error: ld returned 1 exit status
CMakeFiles/cmTC_95f6f.dir/build.make:97: recipe for target 'cmTC_95f6f' failed
make[1]: *** [cmTC_95f6f] Error 1
make[1]: Leaving directory '/home/hanwenkai/桌面/pcl_source/pfh/build/CMakeFiles/CMakeTmp'
Makefile:126: recipe for target 'cmTC_95f6f/fast' failed
make: *** [cmTC_95f6f/fast] Error 2


