Determining if the pthread_create exist failed with the following output:
Change Dir: /home/hanwenkai/桌面/source/point_cloud_compression/build/CMakeFiles/CMakeTmp

Run Build Command:"/usr/bin/make" "cmTC_f1ced/fast"
/usr/bin/make -f CMakeFiles/cmTC_f1ced.dir/build.make CMakeFiles/cmTC_f1ced.dir/build
make[1]: Entering directory '/home/hanwenkai/桌面/source/point_cloud_compression/build/CMakeFiles/CMakeTmp'
Building C object CMakeFiles/cmTC_f1ced.dir/CheckSymbolExists.c.o
/usr/bin/cc     -o CMakeFiles/cmTC_f1ced.dir/CheckSymbolExists.c.o   -c /home/hanwenkai/桌面/source/point_cloud_compression/build/CMakeFiles/CMakeTmp/CheckSymbolExists.c
Linking C executable cmTC_f1ced
/usr/bin/cmake -E cmake_link_script CMakeFiles/cmTC_f1ced.dir/link.txt --verbose=1
/usr/bin/cc       CMakeFiles/cmTC_f1ced.dir/CheckSymbolExists.c.o  -o cmTC_f1ced -rdynamic 
CMakeFiles/cmTC_f1ced.dir/CheckSymbolExists.c.o：在函数‘main’中：
CheckSymbolExists.c:(.text+0x16)：对‘pthread_create’未定义的引用
collect2: error: ld returned 1 exit status
CMakeFiles/cmTC_f1ced.dir/build.make:97: recipe for target 'cmTC_f1ced' failed
make[1]: *** [cmTC_f1ced] Error 1
make[1]: Leaving directory '/home/hanwenkai/桌面/source/point_cloud_compression/build/CMakeFiles/CMakeTmp'
Makefile:126: recipe for target 'cmTC_f1ced/fast' failed
make: *** [cmTC_f1ced/fast] Error 2

File /home/hanwenkai/桌面/source/point_cloud_compression/build/CMakeFiles/CMakeTmp/CheckSymbolExists.c:
/* */
#include <pthread.h>

int main(int argc, char** argv)
{
  (void)argv;
#ifndef pthread_create
  return ((int*)(&pthread_create))[argc];
#else
  (void)argc;
  return 0;
#endif
}

Determining if the function pthread_create exists in the pthreads failed with the following output:
Change Dir: /home/hanwenkai/桌面/source/point_cloud_compression/build/CMakeFiles/CMakeTmp

Run Build Command:"/usr/bin/make" "cmTC_3f5ae/fast"
/usr/bin/make -f CMakeFiles/cmTC_3f5ae.dir/build.make CMakeFiles/cmTC_3f5ae.dir/build
make[1]: Entering directory '/home/hanwenkai/桌面/source/point_cloud_compression/build/CMakeFiles/CMakeTmp'
Building C object CMakeFiles/cmTC_3f5ae.dir/CheckFunctionExists.c.o
/usr/bin/cc    -DCHECK_FUNCTION_EXISTS=pthread_create   -o CMakeFiles/cmTC_3f5ae.dir/CheckFunctionExists.c.o   -c /usr/share/cmake-3.5/Modules/CheckFunctionExists.c
Linking C executable cmTC_3f5ae
/usr/bin/cmake -E cmake_link_script CMakeFiles/cmTC_3f5ae.dir/link.txt --verbose=1
/usr/bin/cc   -DCHECK_FUNCTION_EXISTS=pthread_create    CMakeFiles/cmTC_3f5ae.dir/CheckFunctionExists.c.o  -o cmTC_3f5ae -rdynamic -lpthreads 
/usr/bin/ld: 找不到 -lpthreads
collect2: error: ld returned 1 exit status
CMakeFiles/cmTC_3f5ae.dir/build.make:97: recipe for target 'cmTC_3f5ae' failed
make[1]: *** [cmTC_3f5ae] Error 1
make[1]: Leaving directory '/home/hanwenkai/桌面/source/point_cloud_compression/build/CMakeFiles/CMakeTmp'
Makefile:126: recipe for target 'cmTC_3f5ae/fast' failed
make: *** [cmTC_3f5ae/fast] Error 2


