Determining if the pthread_create exist failed with the following output:
Change Dir: /home/hanwenkai/桌面/pcl_source/cylinder_segmentation/build/CMakeFiles/CMakeTmp

Run Build Command:"/usr/bin/make" "cmTC_389a8/fast"
/usr/bin/make -f CMakeFiles/cmTC_389a8.dir/build.make CMakeFiles/cmTC_389a8.dir/build
make[1]: Entering directory '/home/hanwenkai/桌面/pcl_source/cylinder_segmentation/build/CMakeFiles/CMakeTmp'
Building C object CMakeFiles/cmTC_389a8.dir/CheckSymbolExists.c.o
/usr/bin/cc     -o CMakeFiles/cmTC_389a8.dir/CheckSymbolExists.c.o   -c /home/hanwenkai/桌面/pcl_source/cylinder_segmentation/build/CMakeFiles/CMakeTmp/CheckSymbolExists.c
Linking C executable cmTC_389a8
/usr/bin/cmake -E cmake_link_script CMakeFiles/cmTC_389a8.dir/link.txt --verbose=1
/usr/bin/cc       CMakeFiles/cmTC_389a8.dir/CheckSymbolExists.c.o  -o cmTC_389a8 -rdynamic 
CMakeFiles/cmTC_389a8.dir/CheckSymbolExists.c.o：在函数‘main’中：
CheckSymbolExists.c:(.text+0x16)：对‘pthread_create’未定义的引用
collect2: error: ld returned 1 exit status
CMakeFiles/cmTC_389a8.dir/build.make:97: recipe for target 'cmTC_389a8' failed
make[1]: *** [cmTC_389a8] Error 1
make[1]: Leaving directory '/home/hanwenkai/桌面/pcl_source/cylinder_segmentation/build/CMakeFiles/CMakeTmp'
Makefile:126: recipe for target 'cmTC_389a8/fast' failed
make: *** [cmTC_389a8/fast] Error 2

File /home/hanwenkai/桌面/pcl_source/cylinder_segmentation/build/CMakeFiles/CMakeTmp/CheckSymbolExists.c:
/* */
#include <pthread.h>

int main(int argc, char** argv)
{
  (void)argv;
#ifndef pthread_create
  return ((int*)(&pthread_create))[argc];
#else
  (void)argc;
  return 0;
#endif
}

Determining if the function pthread_create exists in the pthreads failed with the following output:
Change Dir: /home/hanwenkai/桌面/pcl_source/cylinder_segmentation/build/CMakeFiles/CMakeTmp

Run Build Command:"/usr/bin/make" "cmTC_81ff4/fast"
/usr/bin/make -f CMakeFiles/cmTC_81ff4.dir/build.make CMakeFiles/cmTC_81ff4.dir/build
make[1]: Entering directory '/home/hanwenkai/桌面/pcl_source/cylinder_segmentation/build/CMakeFiles/CMakeTmp'
Building C object CMakeFiles/cmTC_81ff4.dir/CheckFunctionExists.c.o
/usr/bin/cc    -DCHECK_FUNCTION_EXISTS=pthread_create   -o CMakeFiles/cmTC_81ff4.dir/CheckFunctionExists.c.o   -c /usr/share/cmake-3.5/Modules/CheckFunctionExists.c
Linking C executable cmTC_81ff4
/usr/bin/cmake -E cmake_link_script CMakeFiles/cmTC_81ff4.dir/link.txt --verbose=1
/usr/bin/cc   -DCHECK_FUNCTION_EXISTS=pthread_create    CMakeFiles/cmTC_81ff4.dir/CheckFunctionExists.c.o  -o cmTC_81ff4 -rdynamic -lpthreads 
/usr/bin/ld: 找不到 -lpthreads
collect2: error: ld returned 1 exit status
CMakeFiles/cmTC_81ff4.dir/build.make:97: recipe for target 'cmTC_81ff4' failed
make[1]: *** [cmTC_81ff4] Error 1
make[1]: Leaving directory '/home/hanwenkai/桌面/pcl_source/cylinder_segmentation/build/CMakeFiles/CMakeTmp'
Makefile:126: recipe for target 'cmTC_81ff4/fast' failed
make: *** [cmTC_81ff4/fast] Error 2


